<!DOCTYPE html PUBLIC "-//W3C//DTD XHTML 1.1//EN" "http://www.w3.org/TR/xhtml11/DTD/xhtml11.dtd">
<html xmlns="http://www.w3.org/1999/xhtml"><head><title>TestNG Report</title><style type="text/css">table {margin-bottom:10px;border-collapse:collapse;empty-cells:show}th,td {border:1px solid #009;padding:.25em .5em}th {vertical-align:bottom}td {vertical-align:top}table a {font-weight:bold}.stripe td {background-color: #E6EBF9}.num {text-align:right}.passedodd td {background-color: #3F3}.passedeven td {background-color: #0A0}.skippedodd td {background-color: #DDD}.skippedeven td {background-color: #CCC}.failedodd td,.attn {background-color: #F33}.failedeven td,.stripe .attn {background-color: #D00}.stacktrace {white-space:pre;font-family:monospace}.totop {font-size:85%;text-align:center;border-bottom:2px solid #000}</style></head><body><table><tr><th>Test</th><th># Passed</th><th># Skipped</th><th># Failed</th><th>Time (ms)</th><th>Included Groups</th><th>Excluded Groups</th></tr><tr><th colspan="7">Suite</th></tr><tr><td><a href="#t0">forgotpassword</a></td><td class="num">1</td><td class="num">0</td><td class="num">0</td><td class="num">8,299</td><td></td><td></td></tr><tr class="stripe"><td><a href="#t1">Locateliveincidentmap</a></td><td class="num">1</td><td class="num">0</td><td class="num">0</td><td class="num">9,007</td><td></td><td></td></tr><tr><td><a href="#t2">Mandatory</a></td><td class="num">1</td><td class="num">0</td><td class="num">0</td><td class="num">3,977</td><td></td><td></td></tr><tr class="stripe"><td><a href="#t3">Loginverification</a></td><td class="num">1</td><td class="num">0</td><td class="num">0</td><td class="num">4,843</td><td></td><td></td></tr><tr><td><a href="#t4">LoginApplication</a></td><td class="num">0</td><td class="num">0</td><td class="num attn">1</td><td class="num">3,265</td><td></td><td></td></tr><tr class="stripe"><td><a href="#t5">Registrationform</a></td><td class="num">0</td><td class="num">0</td><td class="num attn">4</td><td class="num">77,237</td><td></td><td></td></tr><tr><th>Total</th><th class="num">4</th><th class="num">0</th><th class="num attn">5</th><th class="num">106,628</th><th colspan="2"></th></tr></table><table id='summary'><thead><tr><th>Class</th><th>Method</th><th>Start</th><th>Time (ms)</th></tr></thead><tbody><tr><th colspan="4">Suite</th></tr></tbody><tbody id="t0"><tr><th colspan="4">forgotpassword &#8212; passed</th></tr><tr class="passedeven"><td rowspan="1">testcases.Forgotpassword</td><td><a href="#m0">forgotpassword</a></td><td rowspan="1">1583119065107</td><td rowspan="1">2829</td></tr></tbody><tbody id="t1"><tr><th colspan="4">Locateliveincidentmap &#8212; passed</th></tr><tr class="passedeven"><td rowspan="1">testcases.Locateliveincidentmap</td><td><a href="#m1">locateliveincidentmap</a></td><td rowspan="1">1583119069439</td><td rowspan="1">7550</td></tr></tbody><tbody id="t2"><tr><th colspan="4">Mandatory &#8212; passed</th></tr><tr class="passedeven"><td rowspan="1">testcases.Mandatory</td><td><a href="#m2">mandatory</a></td><td rowspan="1">1583119078532</td><td rowspan="1">2447</td></tr></tbody><tbody id="t3"><tr><th colspan="4">Loginverification &#8212; passed</th></tr><tr class="passedeven"><td rowspan="1">testcases.Loginverification</td><td><a href="#m3">loginverification</a></td><td rowspan="1">1583119082465</td><td rowspan="1">3375</td></tr></tbody><tbody id="t4"><tr><th colspan="4">LoginApplication &#8212; failed</th></tr><tr class="failedeven"><td rowspan="1">testcases.LoginApplication</td><td><a href="#m4">loginApplication</a></td><td rowspan="1">1583119087199</td><td rowspan="1">1</td></tr></tbody><tbody id="t5"><tr><th colspan="4">Registrationform &#8212; failed</th></tr><tr class="failedeven"><td rowspan="4">testcases.Registrationform</td><td><a href="#m5">registrationform</a></td><td rowspan="4">1583119104091</td><td rowspan="4">19013</td></tr><tr class="failedeven"><td><a href="#m6">registrationform</a></td></tr><tr class="failedeven"><td><a href="#m7">registrationform</a></td></tr><tr class="failedeven"><td><a href="#m8">registrationform</a></td></tr></tbody></table><h2>forgotpassword</h2><h3 id="m0">testcases.Forgotpassword#forgotpassword</h3><table class="result"><tr class="param"><th>Parameter #1</th></tr><tr class="param stripe"><td>userpswd@gmail.com</td></tr></table><p class="totop"><a href="#summary">back to summary</a></p><h2>Locateliveincidentmap</h2><h3 id="m1">testcases.Locateliveincidentmap#locateliveincidentmap</h3><table class="result"><tr class="param"><th>Parameter #1</th></tr><tr class="param stripe"><td>Y</td></tr></table><p class="totop"><a href="#summary">back to summary</a></p><h2>Mandatory</h2><h3 id="m2">testcases.Mandatory#mandatory</h3><table class="result"><tr class="param"><th>Parameter #1</th></tr><tr class="param stripe"><td>Please enter route Start and Destination.</td></tr></table><p class="totop"><a href="#summary">back to summary</a></p><h2>Loginverification</h2><h3 id="m3">testcases.Loginverification#loginverification</h3><table class="result"><tr class="param"><th>Parameter #1</th><th>Parameter #2</th></tr><tr class="param stripe"><td>usermail</td><td>userpsw@gmail.com</td></tr></table><p class="totop"><a href="#summary">back to summary</a></p><h2>LoginApplication</h2><h3 id="m4">testcases.LoginApplication#loginApplication</h3><table class="result"><tr class="param"><th>Parameter #1</th><th>Parameter #2</th></tr><tr class="param stripe"><td>mngr150911</td><td>AnYnApa</td></tr><tr><th colspan="2">Messages</th></tr><tr><td colspan="2"><div class="messages"><a target="_blank" href=Mon_Mar_02_08_48_08_IST_2020.jpg>Capture Screenshot</a><br/><br></br><br/><a target="_blank" href=Mon_Mar_02_08_48_08_IST_2020.jpg><img src=Mon_Mar_02_08_48_08_IST_2020.jpg height=200 width=300></img></a></div></td></tr><tr><th colspan="2">Exception</th></tr><tr><td colspan="2"><div class="stacktrace">java.lang.IllegalArgumentException: Cannot find elements when the XPath expression is null.
	at org.openqa.selenium.By.xpath(By.java:113)
	at base.TestBase.type(TestBase.java:151)
	at testcases.LoginApplication.loginApplication(LoginApplication.java:20)
... Removed 25 stack frames</div></td></tr></table><p class="totop"><a href="#summary">back to summary</a></p><h2>Registrationform</h2><h3 id="m5">testcases.Registrationform#registrationform</h3><table class="result"><tr class="param"><th>Parameter #1</th><th>Parameter #2</th><th>Parameter #3</th><th>Parameter #4</th><th>Parameter #5</th><th>Parameter #6</th><th>Parameter #7</th><th>Parameter #8</th><th>Parameter #9</th><th>Parameter #10</th><th>Parameter #11</th><th>Parameter #12</th><th>Parameter #13</th></tr><tr class="param stripe"><td></td><td></td><td></td><td></td><td></td><td></td><td></td><td></td><td></td><td></td><td></td><td></td><td></td></tr><tr><th colspan="13">Messages</th></tr><tr><td colspan="13"><div class="messages"><a target="_blank" href=Mon_Mar_02_08_48_43_IST_2020.jpg>Capture Screenshot</a><br/><br></br><br/><a target="_blank" href=Mon_Mar_02_08_48_43_IST_2020.jpg><img src=Mon_Mar_02_08_48_43_IST_2020.jpg height=200 width=300></img></a></div></td></tr><tr><th colspan="13">Exception</th></tr><tr><td colspan="13"><div class="stacktrace">org.openqa.selenium.NoSuchElementException: Cannot locate element with text: 
For documentation on this error, please visit: http://seleniumhq.org/exceptions/no_such_element.html
Build info: version: &apos;3.5.3&apos;, revision: &apos;a88d25fe6b&apos;, time: &apos;2017-08-29T12:42:44.417Z&apos;
System info: host: &apos;DESKTOP-R9EM6AG&apos;, ip: &apos;192.168.0.151&apos;, os.name: &apos;Windows 10&apos;, os.arch: &apos;amd64&apos;, os.version: &apos;10.0&apos;, java.version: &apos;1.8.0_232&apos;
Driver info: driver.version: unknown
	at org.openqa.selenium.support.ui.Select.selectByVisibleText(Select.java:151)
	at base.TestBase.select(TestBase.java:167)
	at testcases.Registrationform.registrationform(Registrationform.java:26)
... Removed 25 stack frames</div></td></tr></table><p class="totop"><a href="#summary">back to summary</a></p><h3 id="m6">testcases.Registrationform#registrationform</h3><table class="result"><tr class="param"><th>Parameter #1</th><th>Parameter #2</th><th>Parameter #3</th><th>Parameter #4</th><th>Parameter #5</th><th>Parameter #6</th><th>Parameter #7</th><th>Parameter #8</th><th>Parameter #9</th><th>Parameter #10</th><th>Parameter #11</th><th>Parameter #12</th><th>Parameter #13</th></tr><tr class="param stripe"><td>sudipuser</td><td>dutta</td><td>Albania</td><td>Address1</td><td>9051406767</td><td>F</td><td>24-02-1990</td><td>usermail710@gmail.com</td><td>dutsudi</td><td>alokRanjan</td><td>alokRanjan</td><td>N</td><td>Y</td></tr><tr><th colspan="13">Messages</th></tr><tr><td colspan="13"><div class="messages"><a target="_blank" href=Mon_Mar_02_08_48_22_IST_2020.jpg>Capture Screenshot</a><br/><br></br><br/><a target="_blank" href=Mon_Mar_02_08_48_22_IST_2020.jpg><img src=Mon_Mar_02_08_48_22_IST_2020.jpg height=200 width=300></img></a></div></td></tr><tr><th colspan="13">Exception</th></tr><tr><td colspan="13"><div class="stacktrace">org.openqa.selenium.InvalidElementStateException: invalid element state
  (Session info: chrome=80.0.3987.122)
  (Driver info: chromedriver=2.41.578737 (49da6702b16031c40d63e5618de03a32ff6c197e),platform=Windows NT 10.0.16299 x86_64) (WARNING: The server did not provide any stacktrace information)
Command duration or timeout: 0 milliseconds
Build info: version: &apos;3.5.3&apos;, revision: &apos;a88d25fe6b&apos;, time: &apos;2017-08-29T12:42:44.417Z&apos;
System info: host: &apos;DESKTOP-R9EM6AG&apos;, ip: &apos;192.168.0.151&apos;, os.name: &apos;Windows 10&apos;, os.arch: &apos;amd64&apos;, os.version: &apos;10.0&apos;, java.version: &apos;1.8.0_232&apos;
Driver info: org.openqa.selenium.chrome.ChromeDriver
Capabilities [{mobileEmulationEnabled=false, hasTouchScreen=false, platform=XP, acceptSslCerts=false, goog:chromeOptions={debuggerAddress=localhost:54531}, acceptInsecureCerts=false, webStorageEnabled=true, browserName=chrome, takesScreenshot=true, javascriptEnabled=true, platformName=XP, setWindowRect=true, unexpectedAlertBehaviour=, applicationCacheEnabled=false, rotatable=false, networkConnectionEnabled=false, chrome={chromedriverVersion=2.41.578737 (49da6702b16031c40d63e5618de03a32ff6c197e), userDataDir=C:\Users\SUDIPD~1\AppData\Local\Temp\scoped_dir12496_6318}, takesHeapSnapshot=true, unhandledPromptBehavior=, pageLoadStrategy=normal, databaseEnabled=false, handlesAlerts=true, version=80.0.3987.122, browserConnectionEnabled=false, nativeEvents=true, locationContextEnabled=true, cssSelectorsEnabled=true}]
Session ID: d81964c0ca29ccaeeee7c6d16180ee81
	at org.openqa.selenium.remote.ErrorHandler.createThrowable(ErrorHandler.java:215)
	at org.openqa.selenium.remote.ErrorHandler.throwIfResponseFailed(ErrorHandler.java:167)
	at org.openqa.selenium.remote.http.JsonHttpResponseCodec.reconstructValue(JsonHttpResponseCodec.java:40)
	at org.openqa.selenium.remote.http.AbstractHttpResponseCodec.decode(AbstractHttpResponseCodec.java:82)
	at org.openqa.selenium.remote.http.AbstractHttpResponseCodec.decode(AbstractHttpResponseCodec.java:45)
	at org.openqa.selenium.remote.HttpCommandExecutor.execute(HttpCommandExecutor.java:164)
	at org.openqa.selenium.remote.service.DriverCommandExecutor.execute(DriverCommandExecutor.java:82)
	at org.openqa.selenium.remote.RemoteWebDriver.execute(RemoteWebDriver.java:646)
	at org.openqa.selenium.remote.RemoteWebElement.execute(RemoteWebElement.java:275)
	at org.openqa.selenium.remote.RemoteWebElement.sendKeys(RemoteWebElement.java:99)
	at base.TestBase.type(TestBase.java:151)
	at testcases.Registrationform.registrationform(Registrationform.java:32)
... Removed 29 stack frames</div></td></tr></table><p class="totop"><a href="#summary">back to summary</a></p><h3 id="m7">testcases.Registrationform#registrationform</h3><table class="result"><tr class="param"><th>Parameter #1</th><th>Parameter #2</th><th>Parameter #3</th><th>Parameter #4</th><th>Parameter #5</th><th>Parameter #6</th><th>Parameter #7</th><th>Parameter #8</th><th>Parameter #9</th><th>Parameter #10</th><th>Parameter #11</th><th>Parameter #12</th><th>Parameter #13</th></tr><tr class="param stripe"><td></td><td></td><td></td><td></td><td></td><td></td><td></td><td></td><td></td><td></td><td></td><td></td><td></td></tr><tr><th colspan="13">Messages</th></tr><tr><td colspan="13"><div class="messages"><a target="_blank" href=Mon_Mar_02_08_49_26_IST_2020.jpg>Capture Screenshot</a><br/><br></br><br/><a target="_blank" href=Mon_Mar_02_08_49_26_IST_2020.jpg><img src=Mon_Mar_02_08_49_26_IST_2020.jpg height=200 width=300></img></a></div></td></tr><tr><th colspan="13">Exception</th></tr><tr><td colspan="13"><div class="stacktrace">org.openqa.selenium.NoSuchElementException: Cannot locate element with text: 
For documentation on this error, please visit: http://seleniumhq.org/exceptions/no_such_element.html
Build info: version: &apos;3.5.3&apos;, revision: &apos;a88d25fe6b&apos;, time: &apos;2017-08-29T12:42:44.417Z&apos;
System info: host: &apos;DESKTOP-R9EM6AG&apos;, ip: &apos;192.168.0.151&apos;, os.name: &apos;Windows 10&apos;, os.arch: &apos;amd64&apos;, os.version: &apos;10.0&apos;, java.version: &apos;1.8.0_232&apos;
Driver info: driver.version: unknown
	at org.openqa.selenium.support.ui.Select.selectByVisibleText(Select.java:151)
	at base.TestBase.select(TestBase.java:167)
	at testcases.Registrationform.registrationform(Registrationform.java:26)
... Removed 25 stack frames</div></td></tr></table><p class="totop"><a href="#summary">back to summary</a></p><h3 id="m8">testcases.Registrationform#registrationform</h3><table class="result"><tr class="param"><th>Parameter #1</th><th>Parameter #2</th><th>Parameter #3</th><th>Parameter #4</th><th>Parameter #5</th><th>Parameter #6</th><th>Parameter #7</th><th>Parameter #8</th><th>Parameter #9</th><th>Parameter #10</th><th>Parameter #11</th><th>Parameter #12</th><th>Parameter #13</th></tr><tr class="param stripe"><td></td><td></td><td></td><td></td><td></td><td></td><td></td><td></td><td></td><td></td><td></td><td></td><td></td></tr><tr><th colspan="13">Messages</th></tr><tr><td colspan="13"><div class="messages"><a target="_blank" href=Mon_Mar_02_08_49_04_IST_2020.jpg>Capture Screenshot</a><br/><br></br><br/><a target="_blank" href=Mon_Mar_02_08_49_04_IST_2020.jpg><img src=Mon_Mar_02_08_49_04_IST_2020.jpg height=200 width=300></img></a></div></td></tr><tr><th colspan="13">Exception</th></tr><tr><td colspan="13"><div class="stacktrace">org.openqa.selenium.NoSuchElementException: Cannot locate element with text: 
For documentation on this error, please visit: http://seleniumhq.org/exceptions/no_such_element.html
Build info: version: &apos;3.5.3&apos;, revision: &apos;a88d25fe6b&apos;, time: &apos;2017-08-29T12:42:44.417Z&apos;
System info: host: &apos;DESKTOP-R9EM6AG&apos;, ip: &apos;192.168.0.151&apos;, os.name: &apos;Windows 10&apos;, os.arch: &apos;amd64&apos;, os.version: &apos;10.0&apos;, java.version: &apos;1.8.0_232&apos;
Driver info: driver.version: unknown
	at org.openqa.selenium.support.ui.Select.selectByVisibleText(Select.java:151)
	at base.TestBase.select(TestBase.java:167)
	at testcases.Registrationform.registrationform(Registrationform.java:26)
... Removed 25 stack frames</div></td></tr></table><p class="totop"><a href="#summary">back to summary</a></p></body></html>